<?xml version="1.0" encoding="UTF-8"?>
<!-- Generated by org.testng.reporters.JUnitXMLReporter -->
<testsuite ignored="0" hostname="Saikiran" failures="0" tests="4" name="Test Runner 2" time="0.1" errors="0" timestamp="2023-10-14T14:49:28 IST">
  <testcase classname="distributedParallel.Test4" name="demo1" time="0.01"/>
  <testcase classname="distributedParallel.Test4" name="demo2" time="0.004"/>
  <testcase classname="distributedParallel.Test3" name="demo1" time="0.002"/>
  <testcase classname="distributedParallel.Test3" name="demo2" time="0.004"/>
</testsuite> <!-- Test Runner 2 -->
