<?xml version="1.0" encoding="UTF-8"?>
<!-- Generated by org.testng.reporters.JUnitXMLReporter -->
<testsuite ignored="0" hostname="Saikiran" failures="0" tests="4" name="Test Runner 1" time="0.092" errors="0" timestamp="2023-10-14T14:49:28 IST">
  <testcase classname="distributedParallel.Test2" name="demo1" time="0.01"/>
  <testcase classname="distributedParallel.Test2" name="demo2" time="0.01"/>
  <testcase classname="distributedParallel.Test1" name="demo1" time="0.005"/>
  <testcase classname="distributedParallel.Test1" name="demo2" time="0.003"/>
</testsuite> <!-- Test Runner 1 -->
