<?xml version="1.0" encoding="UTF-8"?>
<!-- Generated by org.testng.reporters.JUnitXMLReporter -->
<testsuite ignored="0" hostname="Saikiran" failures="2" tests="6" name="Test" time="0.089" errors="0" timestamp="2023-10-18T13:29:34 IST">
  <testcase classname="batchExecution.TestClass1" name="demo1" time="0.017">
    <failure type="java.lang.AssertionError" message="null">
      <![CDATA[java.lang.AssertionError: null
at batchExecution.TestClass1.demo1(TestClass1.java:10)
at java.base/java.util.ArrayList.forEach(ArrayList.java:1511)
... Removed 29 stack frames]]>
    </failure>
  </testcase> <!-- demo1 -->
  <testcase classname="batchExecution.TestClass1" name="demo2" time="0.003"/>
  <testcase classname="batchExecution.TestClass3" name="demo1" time="0.004"/>
  <testcase classname="batchExecution.TestClass3" name="demo2" time="0.003"/>
  <testcase classname="batchExecution.TestClass2" name="demo1" time="0.001"/>
  <testcase classname="batchExecution.TestClass2" name="demo2" time="0.001">
    <failure type="java.lang.AssertionError" message="null">
      <![CDATA[java.lang.AssertionError: null
at batchExecution.TestClass2.demo2(TestClass2.java:16)
at java.base/java.util.ArrayList.forEach(ArrayList.java:1511)
... Removed 29 stack frames]]>
    </failure>
  </testcase> <!-- demo2 -->
</testsuite> <!-- Test -->
