<?xml version="1.0" encoding="UTF-8"?>
<!-- Generated by org.testng.reporters.JUnitXMLReporter -->
<testsuite ignored="0" hostname="Saikiran" failures="0" tests="4" name="Test Runner 3" time="0.081" errors="0" timestamp="2023-10-14T14:49:28 IST">
  <testcase classname="distributedParallel.Test6" name="demo1" time="0.01"/>
  <testcase classname="distributedParallel.Test6" name="demo2" time="0.013"/>
  <testcase classname="distributedParallel.Test5" name="demo1" time="0.005"/>
  <testcase classname="distributedParallel.Test5" name="demo2" time="0.005"/>
</testsuite> <!-- Test Runner 3 -->
