<?xml version="1.0" encoding="UTF-8"?>
<!-- Generated by org.testng.reporters.JUnitXMLReporter -->
<testsuite ignored="2" hostname="Saikiran" failures="0" tests="2" name="Test(failed)" time="0.052" errors="0" timestamp="2023-10-18T13:31:17 IST">
  <testcase classname="batchExecution.TestClass1" name="demo1" time="0.008"/>
  <testcase classname="batchExecution.TestClass2" name="demo2" time="0.001"/>
  <testcase classname="batchExecution.TestClass2" name="demo1" time="0.0">
    <ignored/>
  </testcase> <!-- demo1 -->
  <testcase classname="batchExecution.TestClass1" name="demo2" time="0.0">
    <ignored/>
  </testcase> <!-- demo2 -->
</testsuite> <!-- Test(failed) -->
