<?xml version="1.0" encoding="UTF-8"?>
<testng-results ignored="2" total="4" passed="2" failed="0" skipped="0">
  <reporter-output>
  </reporter-output>
  <suite started-at="2023-10-18T13:31:17 IST" name="Failed suite [Suite]" finished-at="2023-10-18T13:31:17 IST" duration-ms="52">
    <groups>
    </groups>
    <test started-at="2023-10-18T13:31:17 IST" name="Test(failed)" finished-at="2023-10-18T13:31:17 IST" duration-ms="52">
      <class name="batchExecution.TestClass2">
        <test-method signature="demo2()[pri:0, instance:batchExecution.TestClass2@201a4587]" started-at="2023-10-18T13:31:17 IST" name="demo2" finished-at="2023-10-18T13:31:17 IST" duration-ms="1" status="PASS">
          <reporter-output>
          </reporter-output>
        </test-method> <!-- demo2 -->
      </class> <!-- batchExecution.TestClass2 -->
      <class name="batchExecution.TestClass1">
        <test-method signature="demo1()[pri:0, instance:batchExecution.TestClass1@957e06]" started-at="2023-10-18T13:31:17 IST" name="demo1" finished-at="2023-10-18T13:31:17 IST" duration-ms="8" status="PASS">
          <reporter-output>
          </reporter-output>
        </test-method> <!-- demo1 -->
      </class> <!-- batchExecution.TestClass1 -->
    </test> <!-- Test(failed) -->
  </suite> <!-- Failed suite [Suite] -->
</testng-results>
